<?xml version="1.0" ?>
<!DOCTYPE coverage SYSTEM "http://cobertura.sourceforge.net/xml/coverage-04.dtd">
<coverage lines-valid="1914" lines-covered="1464" line-rate="0.7648" branches-valid="593" branches-covered="344" branch-rate="0.5801" timestamp="1643908418057" complexity="0" version="0.1">
  <sources>
    <source>/home/cohi/gitRepos/fundraising-app-frontend</source>
  </sources>
  <packages>
    <package name="src" line-rate="0.8292" branch-rate="0.6944">
      <classes>
        <class name="CityAutocompleteResource.ts" filename="src/CityAutocompleteResource.ts" line-rate="0.2857" branch-rate="0">
          <methods>
            <method name="getCitiesInPostcode" hits="0" signature="()V">
              <lines>
                <line number="7" hits="0"/>
              </lines>
            </method>
            <method name="_callee" hits="0" signature="()V">
              <lines>
                <line number="14" hits="0"/>
              </lines>
            </method>
            <method name="(anonymous_6)" hits="0" signature="()V">
              <lines>
                <line number="18" hits="0"/>
              </lines>
            </method>
          </methods>
          <lines>
            <line number="1" hits="7" branch="false"/>
            <line number="7" hits="7" branch="false"/>
            <line number="9" hits="0" branch="false"/>
            <line number="14" hits="0" branch="true" condition-coverage="0% (0/3)"/>
            <line number="15" hits="0" branch="false"/>
            <line number="16" hits="0" branch="false"/>
            <line number="19" hits="0" branch="false"/>
          </lines>
        </class>
        <class name="FeatureToggle.ts" filename="src/FeatureToggle.ts" line-rate="0.875" branch-rate="0.75">
          <methods>
            <method name="FeatureTogglePlugin" hits="8" signature="()V">
              <lines>
                <line number="7" hits="8"/>
              </lines>
            </method>
            <method name="render" hits="4" signature="()V">
              <lines>
                <line number="8" hits="4"/>
              </lines>
            </method>
            <method name="(anonymous_2)" hits="6" signature="()V">
              <lines>
                <line number="15" hits="6"/>
              </lines>
            </method>
            <method name="(anonymous_3)" hits="3" signature="()V">
              <lines>
                <line number="17" hits="3"/>
              </lines>
            </method>
          </methods>
          <lines>
            <line number="8" hits="8" branch="false"/>
            <line number="11" hits="4" branch="true" condition-coverage="66.66666666666666% (2/3)"/>
            <line number="12" hits="0" branch="false"/>
            <line number="14" hits="4" branch="false"/>
            <line number="15" hits="6" branch="false"/>
            <line number="16" hits="4" branch="true" condition-coverage="100% (1/1)"/>
            <line number="17" hits="3" branch="false"/>
            <line number="19" hits="2" branch="false"/>
          </lines>
        </class>
        <class name="bucket_id_to_css_class.ts" filename="src/bucket_id_to_css_class.ts" line-rate="1" branch-rate="1">
          <methods>
            <method name="bucketIdToCssClass" hits="3" signature="()V">
              <lines>
                <line number="1" hits="3"/>
              </lines>
            </method>
            <method name="(anonymous_1)" hits="9" signature="()V">
              <lines>
                <line number="2" hits="9"/>
              </lines>
            </method>
          </methods>
          <lines>
            <line number="2" hits="9" branch="false"/>
          </lines>
        </class>
        <class name="camlize_name.ts" filename="src/camlize_name.ts" line-rate="0" branch-rate="1">
          <methods>
            <method name="camelizeName" hits="0" signature="()V">
              <lines>
                <line number="2" hits="0"/>
              </lines>
            </method>
            <method name="(anonymous_1)" hits="0" signature="()V">
              <lines>
                <line number="3" hits="0"/>
              </lines>
            </method>
          </methods>
          <lines>
            <line number="3" hits="0" branch="false"/>
          </lines>
        </class>
        <class name="cookie_consent.ts" filename="src/cookie_consent.ts" line-rate="0.9695999999999999" branch-rate="0.8887999999999999">
          <methods>
            <method name="consentStringToState" hits="41" signature="()V">
              <lines>
                <line number="13" hits="41"/>
              </lines>
            </method>
            <method name="submitConsent" hits="0" signature="()V">
              <lines>
                <line number="44" hits="0"/>
              </lines>
            </method>
            <method name="createCookieConsent" hits="41" signature="()V">
              <lines>
                <line number="47" hits="41"/>
              </lines>
            </method>
            <method name="(anonymous_3)" hits="10" signature="()V">
              <lines>
                <line number="50" hits="10"/>
              </lines>
            </method>
            <method name="(anonymous_4)" hits="45" signature="()V">
              <lines>
                <line number="51" hits="45"/>
              </lines>
            </method>
            <method name="isValidConsentState" hits="11" signature="()V">
              <lines>
                <line number="53" hits="11"/>
              </lines>
            </method>
            <method name="(anonymous_6)" hits="40" signature="()V">
              <lines>
                <line number="64" hits="40"/>
              </lines>
            </method>
            <method name="_callee" hits="33" signature="()V">
              <lines>
                <line number="64" hits="33"/>
              </lines>
            </method>
            <method name="(anonymous_9)" hits="10" signature="()V">
              <lines>
                <line number="79" hits="10"/>
              </lines>
            </method>
            <method name="submitConsent" hits="11" signature="()V">
              <lines>
                <line number="64" hits="11"/>
              </lines>
            </method>
          </methods>
          <lines>
            <line number="1" hits="5" branch="false"/>
            <line number="2" hits="5" branch="false"/>
            <line number="3" hits="5" branch="false"/>
            <line number="5" hits="5" branch="false"/>
            <line number="7" hits="5" branch="false"/>
            <line number="14" hits="41" branch="true" condition-coverage="100% (4/4)"/>
            <line number="16" hits="12" branch="false"/>
            <line number="18" hits="24" branch="false"/>
            <line number="20" hits="4" branch="false"/>
            <line number="22" hits="1" branch="false"/>
            <line number="40" hits="5" branch="false"/>
            <line number="44" hits="0" branch="false"/>
            <line number="49" hits="41" branch="false"/>
            <line number="50" hits="40" branch="false"/>
            <line number="51" hits="45" branch="false"/>
            <line number="53" hits="40" branch="false"/>
            <line number="54" hits="11" branch="true" condition-coverage="75% (3/4)"/>
            <line number="58" hits="10" branch="false"/>
            <line number="60" hits="1" branch="false"/>
            <line number="64" hits="131" branch="true" condition-coverage="80% (4/5)"/>
            <line number="65" hits="11" branch="false"/>
            <line number="66" hits="11" branch="false"/>
            <line number="68" hits="11" branch="false"/>
            <line number="74" hits="10" branch="false"/>
            <line number="80" hits="10" branch="false"/>
            <line number="81" hits="10" branch="true" condition-coverage="100% (2/2)"/>
            <line number="82" hits="6" branch="false"/>
            <line number="83" hits="6" branch="false"/>
            <line number="85" hits="4" branch="false"/>
            <line number="86" hits="4" branch="false"/>
            <line number="91" hits="40" branch="true" condition-coverage="100% (1/1)"/>
            <line number="92" hits="24" branch="false"/>
            <line number="95" hits="40" branch="false"/>
          </lines>
        </class>
        <class name="locales.ts" filename="src/locales.ts" line-rate="0.6666" branch-rate="0">
          <methods>
            <method name="createI18n" hits="0" signature="()V">
              <lines>
                <line number="7" hits="0"/>
              </lines>
            </method>
          </methods>
          <lines>
            <line number="1" hits="1" branch="false"/>
            <line number="2" hits="1" branch="false"/>
            <line number="4" hits="1" branch="false"/>
            <line number="5" hits="1" branch="false"/>
            <line number="8" hits="0" branch="true" condition-coverage="0% (0/4)"/>
            <line number="9" hits="0" branch="false"/>
          </lines>
        </class>
        <class name="merge_validation_results.ts" filename="src/merge_validation_results.ts" line-rate="1" branch-rate="1">
          <methods>
            <method name="mergeValidationResults" hits="3" signature="()V">
              <lines>
                <line number="3" hits="3"/>
              </lines>
            </method>
            <method name="(anonymous_1)" hits="8" signature="()V">
              <lines>
                <line number="5" hits="8"/>
              </lines>
            </method>
          </methods>
          <lines>
            <line number="4" hits="3" branch="false"/>
            <line number="6" hits="8" branch="true" condition-coverage="100% (1/1)"/>
            <line number="7" hits="3" branch="false"/>
            <line number="8" hits="3" branch="false"/>
            <line number="10" hits="8" branch="false"/>
          </lines>
        </class>
        <class name="scroll_to_first_error.ts" filename="src/scroll_to_first_error.ts" line-rate="0" branch-rate="1">
          <methods>
            <method name="scrollToFirstError" hits="0" signature="()V">
              <lines>
                <line number="1" hits="0"/>
              </lines>
            </method>
          </methods>
          <lines>
            <line number="2" hits="0" branch="false"/>
          </lines>
        </class>
        <class name="tracking.ts" filename="src/tracking.ts" line-rate="0.6666" branch-rate="0.5">
          <methods>
            <method name="trackDynamicForm" hits="3" signature="()V">
              <lines>
                <line number="9" hits="3"/>
              </lines>
            </method>
            <method name="trackFormSubmission" hits="0" signature="()V">
              <lines>
                <line number="13" hits="0"/>
              </lines>
            </method>
            <method name="trackFormFieldRestored" hits="8" signature="()V">
              <lines>
                <line number="17" hits="8"/>
              </lines>
            </method>
            <method name="trackFormValidationErrors" hits="0" signature="()V">
              <lines>
                <line number="21" hits="0"/>
              </lines>
            </method>
            <method name="trackEvent" hits="10" signature="()V">
              <lines>
                <line number="25" hits="10"/>
              </lines>
            </method>
            <method name="setTrackingConsentGiven" hits="30" signature="()V">
              <lines>
                <line number="29" hits="30"/>
              </lines>
            </method>
            <method name="forgetTrackingConsentGiven" hits="4" signature="()V">
              <lines>
                <line number="33" hits="4"/>
              </lines>
            </method>
            <method name="trackGoal" hits="0" signature="()V">
              <lines>
                <line number="37" hits="0"/>
              </lines>
            </method>
          </methods>
          <lines>
            <line number="10" hits="3" branch="false"/>
            <line number="14" hits="0" branch="false"/>
            <line number="18" hits="8" branch="false"/>
            <line number="22" hits="0" branch="false"/>
            <line number="25" hits="40" branch="true" condition-coverage="50% (1/2)"/>
            <line number="26" hits="10" branch="false"/>
            <line number="30" hits="30" branch="false"/>
            <line number="34" hits="4" branch="false"/>
            <line number="38" hits="0" branch="false"/>
          </lines>
        </class>
        <class name="wait_for_server_validation.ts" filename="src/wait_for_server_validation.ts" line-rate="1" branch-rate="1">
          <methods>
            <method name="(anonymous_0)" hits="4" signature="()V">
              <lines>
                <line number="4" hits="4"/>
              </lines>
            </method>
            <method name="waitForServerValidationToFinish" hits="4" signature="()V">
              <lines>
                <line number="9" hits="4"/>
              </lines>
            </method>
            <method name="(anonymous_2)" hits="1" signature="()V">
              <lines>
                <line number="13" hits="1"/>
              </lines>
            </method>
            <method name="(anonymous_3)" hits="2" signature="()V">
              <lines>
                <line number="15" hits="2"/>
              </lines>
            </method>
            <method name="(anonymous_4)" hits="1" signature="()V">
              <lines>
                <line number="16" hits="1"/>
              </lines>
            </method>
          </methods>
          <lines>
            <line number="4" hits="4" branch="true" condition-coverage="100% (2/2)"/>
            <line number="5" hits="4" branch="false"/>
            <line number="6" hits="4" branch="false"/>
            <line number="10" hits="4" branch="true" condition-coverage="100% (1/1)"/>
            <line number="11" hits="3" branch="false"/>
            <line number="13" hits="1" branch="false"/>
            <line number="14" hits="1" branch="false"/>
            <line number="15" hits="2" branch="false"/>
            <line number="17" hits="1" branch="true" condition-coverage="100% (1/1)"/>
            <line number="18" hits="1" branch="false"/>
            <line number="19" hits="1" branch="false"/>
          </lines>
        </class>
      </classes>
    </package>
    <package name="src.components" line-rate="0.7234" branch-rate="0.6428">
      <classes>
        <class name="BankData.vue" filename="src/components/BankData.vue" line-rate="1" branch-rate="0.5">
          <methods>
            <method name="formatIban" hits="1" signature="()V">
              <lines>
                <line number="23" hits="1"/>
              </lines>
            </method>
            <method name="(anonymous_1)" hits="2" signature="()V">
              <lines>
                <line number="1" hits="2"/>
              </lines>
            </method>
          </methods>
          <lines>
            <line number="1" hits="7" branch="true" condition-coverage="50% (1/2)"/>
            <line number="24" hits="1" branch="false"/>
          </lines>
        </class>
        <class name="DonationCommentPopUp.vue" filename="src/components/DonationCommentPopUp.vue" line-rate="0.42100000000000004" branch-rate="0.5">
          <methods>
            <method name="data" hits="2" signature="()V">
              <lines>
                <line number="55" hits="2"/>
              </lines>
            </method>
            <method name="get" hits="2" signature="()V">
              <lines>
                <line number="71" hits="2"/>
              </lines>
            </method>
            <method name="mounted" hits="2" signature="()V">
              <lines>
                <line number="76" hits="2"/>
              </lines>
            </method>
            <method name="postComment" hits="0" signature="()V">
              <lines>
                <line number="80" hits="0"/>
              </lines>
            </method>
            <method name="(anonymous_4)" hits="0" signature="()V">
              <lines>
                <line number="84" hits="0"/>
              </lines>
            </method>
            <method name="(anonymous_5)" hits="2" signature="()V">
              <lines>
                <line number="1" hits="2"/>
              </lines>
            </method>
          </methods>
          <lines>
            <line number="1" hits="15" branch="true" condition-coverage="100% (2/2)"/>
            <line number="47" hits="3" branch="false"/>
            <line number="48" hits="3" branch="false"/>
            <line number="49" hits="3" branch="false"/>
            <line number="50" hits="3" branch="false"/>
            <line number="56" hits="2" branch="false"/>
            <line number="72" hits="2" branch="false"/>
            <line number="77" hits="2" branch="false"/>
            <line number="80" hits="0" branch="false"/>
            <line number="81" hits="0" branch="false"/>
            <line number="82" hits="0" branch="false"/>
            <line number="83" hits="0" branch="false"/>
            <line number="84" hits="0" branch="false"/>
            <line number="86" hits="0" branch="true" condition-coverage="0% (0/2)"/>
            <line number="87" hits="0" branch="false"/>
            <line number="88" hits="0" branch="false"/>
            <line number="89" hits="0" branch="false"/>
            <line number="90" hits="0" branch="false"/>
            <line number="92" hits="0" branch="false"/>
          </lines>
        </class>
        <class name="MembershipSummary.vue" filename="src/components/MembershipSummary.vue" line-rate="0.9229999999999999" branch-rate="0.75">
          <methods>
            <method name="getSummary" hits="5" signature="()V">
              <lines>
                <line number="42" hits="5"/>
              </lines>
            </method>
            <method name="renderSalutation" hits="5" signature="()V">
              <lines>
                <line number="73" hits="5"/>
              </lines>
            </method>
            <method name="(anonymous_8)" hits="9" signature="()V">
              <lines>
                <line number="78" hits="9"/>
              </lines>
            </method>
            <method name="renderAmount" hits="5" signature="()V">
              <lines>
                <line number="80" hits="5"/>
              </lines>
            </method>
            <method name="canRender" hits="5" signature="()V">
              <lines>
                <line number="87" hits="5"/>
              </lines>
            </method>
            <method name="(anonymous_11)" hits="5" signature="()V">
              <lines>
                <line number="1" hits="5"/>
              </lines>
            </method>
          </methods>
          <lines>
            <line number="1" hits="18" branch="false"/>
            <line number="10" hits="1" branch="false"/>
            <line number="11" hits="1" branch="false"/>
            <line number="12" hits="1" branch="false"/>
            <line number="16" hits="1" branch="false"/>
            <line number="23" hits="4" branch="false"/>
            <line number="29" hits="1" branch="false"/>
            <line number="43" hits="5" branch="true" condition-coverage="0% (0/1)"/>
            <line number="44" hits="0" branch="false"/>
            <line number="46" hits="5" branch="false"/>
            <line number="47" hits="5" branch="false"/>
            <line number="48" hits="5" branch="false"/>
            <line number="49" hits="5" branch="false"/>
            <line number="50" hits="5" branch="false"/>
            <line number="55" hits="5" branch="false"/>
            <line number="56" hits="5" branch="false"/>
            <line number="62" hits="5" branch="false"/>
            <line number="73" hits="5" branch="false"/>
            <line number="74" hits="5" branch="true" condition-coverage="0% (0/1)"/>
            <line number="75" hits="0" branch="false"/>
            <line number="78" hits="14" branch="true" condition-coverage="100% (2/2)"/>
            <line number="81" hits="5" branch="true" condition-coverage="100% (1/1)"/>
            <line number="82" hits="1" branch="false"/>
            <line number="84" hits="4" branch="false"/>
            <line number="85" hits="4" branch="false"/>
            <line number="88" hits="5" branch="true" condition-coverage="100% (3/3)"/>
          </lines>
        </class>
      </classes>
    </package>
    <package name="src.components.cookie_notice" line-rate="0.8269" branch-rate="1">
      <classes>
        <class name="CookieCheckbox.vue" filename="src/components/cookie_notice/CookieCheckbox.vue" line-rate="0.375" branch-rate="1">
          <methods>
            <method name="setup" hits="0" signature="()V">
              <lines>
                <line number="30" hits="0"/>
              </lines>
            </method>
            <method name="toggleOpen" hits="0" signature="()V">
              <lines>
                <line number="33" hits="0"/>
              </lines>
            </method>
            <method name="(anonymous_2)" hits="0" signature="()V">
              <lines>
                <line number="1" hits="0"/>
              </lines>
            </method>
          </methods>
          <lines>
            <line number="1" hits="3" branch="false"/>
            <line number="18" hits="1" branch="false"/>
            <line number="19" hits="1" branch="false"/>
            <line number="31" hits="0" branch="false"/>
            <line number="32" hits="0" branch="false"/>
            <line number="33" hits="0" branch="false"/>
            <line number="34" hits="0" branch="false"/>
            <line number="37" hits="0" branch="false"/>
          </lines>
        </class>
        <class name="CookieNotice.vue" filename="src/components/cookie_notice/CookieNotice.vue" line-rate="1" branch-rate="1">
          <methods>
            <method name="setup" hits="5" signature="()V">
              <lines>
                <line number="71" hits="5"/>
              </lines>
            </method>
            <method name="onSaveButtonClick" hits="1" signature="()V">
              <lines>
                <line number="77" hits="1"/>
              </lines>
            </method>
            <method name="onAcceptButtonClick" hits="1" signature="()V">
              <lines>
                <line number="82" hits="1"/>
              </lines>
            </method>
            <method name="(anonymous_3)" hits="7" signature="()V">
              <lines>
                <line number="1" hits="7"/>
              </lines>
            </method>
          </methods>
          <lines>
            <line number="1" hits="24" branch="true" condition-coverage="100% (2/2)"/>
            <line number="58" hits="1" branch="false"/>
            <line number="59" hits="1" branch="false"/>
            <line number="60" hits="1" branch="false"/>
            <line number="61" hits="1" branch="false"/>
            <line number="62" hits="1" branch="false"/>
            <line number="72" hits="5" branch="false"/>
            <line number="74" hits="5" branch="false"/>
            <line number="75" hits="5" branch="false"/>
            <line number="77" hits="5" branch="false"/>
            <line number="78" hits="1" branch="false"/>
            <line number="79" hits="1" branch="false"/>
            <line number="82" hits="5" branch="false"/>
            <line number="83" hits="1" branch="false"/>
            <line number="84" hits="1" branch="false"/>
            <line number="87" hits="5" branch="false"/>
          </lines>
        </class>
        <class name="CookieReview.vue" filename="src/components/cookie_notice/CookieReview.vue" line-rate="1" branch-rate="1">
          <methods>
            <method name="setup" hits="6" signature="()V">
              <lines>
                <line number="53" hits="6"/>
              </lines>
            </method>
            <method name="(anonymous_1)" hits="18" signature="()V">
              <lines>
                <line number="60" hits="18"/>
              </lines>
            </method>
            <method name="onSaveButtonClick" hits="2" signature="()V">
              <lines>
                <line number="66" hits="2"/>
              </lines>
            </method>
            <method name="onAcceptButtonClick" hits="1" signature="()V">
              <lines>
                <line number="71" hits="1"/>
              </lines>
            </method>
            <method name="(anonymous_7)" hits="3" signature="()V">
              <lines>
                <line number="77" hits="3"/>
              </lines>
            </method>
            <method name="(anonymous_8)" hits="14" signature="()V">
              <lines>
                <line number="1" hits="14"/>
              </lines>
            </method>
          </methods>
          <lines>
            <line number="1" hits="43" branch="false"/>
            <line number="47" hits="1" branch="false"/>
            <line number="48" hits="1" branch="false"/>
            <line number="49" hits="1" branch="false"/>
            <line number="54" hits="6" branch="false"/>
            <line number="56" hits="6" branch="false"/>
            <line number="57" hits="6" branch="false"/>
            <line number="58" hits="6" branch="false"/>
            <line number="60" hits="45" branch="true" condition-coverage="100% (4/4)"/>
            <line number="61" hits="3" branch="false"/>
            <line number="63" hits="3" branch="false"/>
            <line number="66" hits="6" branch="false"/>
            <line number="67" hits="2" branch="false"/>
            <line number="68" hits="2" branch="true" condition-coverage="100% (2/2)"/>
            <line number="71" hits="6" branch="false"/>
            <line number="72" hits="1" branch="false"/>
            <line number="73" hits="1" branch="false"/>
            <line number="74" hits="1" branch="false"/>
            <line number="77" hits="6" branch="false"/>
            <line number="78" hits="3" branch="false"/>
            <line number="81" hits="6" branch="false"/>
          </lines>
        </class>
        <class name="TextTruncator.vue" filename="src/components/cookie_notice/TextTruncator.vue" line-rate="0.4285" branch-rate="1">
          <methods>
            <method name="data" hits="6" signature="()V">
              <lines>
                <line number="17" hits="6"/>
              </lines>
            </method>
            <method name="showMoreText" hits="0" signature="()V">
              <lines>
                <line number="23" hits="0"/>
              </lines>
            </method>
            <method name="showLessText" hits="0" signature="()V">
              <lines>
                <line number="27" hits="0"/>
              </lines>
            </method>
            <method name="(anonymous_3)" hits="6" signature="()V">
              <lines>
                <line number="1" hits="6"/>
              </lines>
            </method>
          </methods>
          <lines>
            <line number="1" hits="21" branch="true" condition-coverage="100% (2/2)"/>
            <line number="14" hits="1" branch="false"/>
            <line number="18" hits="6" branch="false"/>
            <line number="24" hits="0" branch="false"/>
            <line number="25" hits="0" branch="false"/>
            <line number="28" hits="0" branch="false"/>
            <line number="29" hits="0" branch="false"/>
          </lines>
        </class>
      </classes>
    </package>
    <package name="src.components.pages" line-rate="0.82" branch-rate="0.5">
      <classes>
        <class name="DonationConfirmation.vue" filename="src/components/pages/DonationConfirmation.vue" line-rate="0.6923" branch-rate="0.3846">
          <methods>
            <method name="data" hits="2" signature="()V">
              <lines>
                <line number="123" hits="2"/>
              </lines>
            </method>
            <method name="showAddressModal" hits="0" signature="()V">
              <lines>
                <line number="147" hits="0"/>
              </lines>
            </method>
            <method name="updateAddress" hits="0" signature="()V">
              <lines>
                <line number="150" hits="0"/>
              </lines>
            </method>
            <method name="getEmail" hits="2" signature="()V">
              <lines>
                <line number="155" hits="2"/>
              </lines>
            </method>
            <method name="showBankTransferContent" hits="2" signature="()V">
              <lines>
                <line number="166" hits="2"/>
              </lines>
            </method>
            <method name="showAddressChangeContent" hits="2" signature="()V">
              <lines>
                <line number="169" hits="2"/>
              </lines>
            </method>
            <method name="inlineSummaryLanguageItem" hits="2" signature="()V">
              <lines>
                <line number="173" hits="2"/>
              </lines>
            </method>
            <method name="(anonymous_7)" hits="2" signature="()V">
              <lines>
                <line number="1" hits="2"/>
              </lines>
            </method>
          </methods>
          <lines>
            <line number="1" hits="9" branch="true" condition-coverage="100% (2/2)"/>
            <line number="97" hits="1" branch="false"/>
            <line number="98" hits="1" branch="false"/>
            <line number="99" hits="1" branch="false"/>
            <line number="100" hits="1" branch="false"/>
            <line number="101" hits="1" branch="false"/>
            <line number="102" hits="1" branch="false"/>
            <line number="103" hits="1" branch="false"/>
            <line number="104" hits="1" branch="false"/>
            <line number="105" hits="1" branch="false"/>
            <line number="124" hits="2" branch="false"/>
            <line number="148" hits="0" branch="false"/>
            <line number="151" hits="0" branch="false"/>
            <line number="152" hits="0" branch="false"/>
            <line number="153" hits="0" branch="false"/>
            <line number="156" hits="2" branch="true" condition-coverage="0% (0/1)"/>
            <line number="157" hits="0" branch="false"/>
            <line number="159" hits="2" branch="true" condition-coverage="100% (1/1)"/>
            <line number="160" hits="2" branch="false"/>
            <line number="162" hits="0" branch="false"/>
            <line number="167" hits="2" branch="false"/>
            <line number="170" hits="2" branch="true" condition-coverage="33.33333333333333% (1/3)"/>
            <line number="174" hits="2" branch="true" condition-coverage="16.666666666666664% (1/6)"/>
            <line number="177" hits="0" branch="false"/>
            <line number="179" hits="0" branch="false"/>
            <line number="183" hits="2" branch="false"/>
          </lines>
        </class>
        <class name="DonationForm.vue" filename="src/components/pages/DonationForm.vue" line-rate="0.9473" branch-rate="0.8">
          <methods>
            <method name="_default" hits="4" signature="()V">
              <lines>
                <line number="45" hits="4"/>
              </lines>
            </method>
            <method name="data" hits="4" signature="()V">
              <lines>
                <line number="48" hits="4"/>
              </lines>
            </method>
            <method name="get" hits="8" signature="()V">
              <lines>
                <line number="61" hits="8"/>
              </lines>
            </method>
            <method name="get" hits="8" signature="()V">
              <lines>
                <line number="66" hits="8"/>
              </lines>
            </method>
            <method name="changePageIndex" hits="11" signature="()V">
              <lines>
                <line number="90" hits="11"/>
              </lines>
            </method>
            <method name="scrollToTop" hits="5" signature="()V">
              <lines>
                <line number="97" hits="5"/>
              </lines>
            </method>
            <method name="(anonymous_6)" hits="19" signature="()V">
              <lines>
                <line number="1" hits="19"/>
              </lines>
            </method>
          </methods>
          <lines>
            <line number="1" hits="38" branch="false"/>
            <line number="16" hits="1" branch="false"/>
            <line number="18" hits="1" branch="false"/>
            <line number="19" hits="1" branch="false"/>
            <line number="45" hits="4" branch="false"/>
            <line number="49" hits="4" branch="false"/>
            <line number="50" hits="4" branch="false"/>
            <line number="51" hits="4" branch="true" condition-coverage="0% (0/1)"/>
            <line number="52" hits="0" branch="false"/>
            <line number="54" hits="4" branch="false"/>
            <line number="62" hits="8" branch="false"/>
            <line number="67" hits="8" branch="true" condition-coverage="100% (1/1)"/>
            <line number="68" hits="2" branch="false"/>
            <line number="80" hits="6" branch="false"/>
            <line number="91" hits="11" branch="false"/>
            <line number="92" hits="11" branch="true" condition-coverage="100% (3/3)"/>
            <line number="93" hits="5" branch="false"/>
            <line number="94" hits="5" branch="false"/>
            <line number="98" hits="5" branch="false"/>
          </lines>
        </class>
        <class name="Supporters.vue" filename="src/components/pages/Supporters.vue" line-rate="1" branch-rate="1">
          <methods>
            <method name="data" hits="2" signature="()V">
              <lines>
                <line number="31" hits="2"/>
              </lines>
            </method>
            <method name="setSupporterId" hits="2" signature="()V">
              <lines>
                <line number="37" hits="2"/>
              </lines>
            </method>
            <method name="(anonymous_2)" hits="10" signature="()V">
              <lines>
                <line number="1" hits="10"/>
              </lines>
            </method>
          </methods>
          <lines>
            <line number="1" hits="21" branch="false"/>
            <line number="16" hits="1" branch="false"/>
            <line number="17" hits="1" branch="false"/>
            <line number="32" hits="2" branch="false"/>
            <line number="38" hits="2" branch="false"/>
          </lines>
        </class>
      </classes>
    </package>
    <package name="src.components.pages.donation_confirmation" line-rate="0.5714" branch-rate="0.44439999999999996">
      <classes>
        <class name="AddressModal.vue" filename="src/components/pages/donation_confirmation/AddressModal.vue" line-rate="0.3281" branch-rate="0">
          <methods>
            <method name="data" hits="0" signature="()V">
              <lines>
                <line number="83" hits="0"/>
              </lines>
            </method>
            <method name="mounted" hits="0" signature="()V">
              <lines>
                <line number="150" hits="0"/>
              </lines>
            </method>
            <method name="get" hits="0" signature="()V">
              <lines>
                <line number="167" hits="0"/>
              </lines>
            </method>
            <method name="(anonymous_8)" hits="0" signature="()V">
              <lines>
                <line number="168" hits="0"/>
              </lines>
            </method>
            <method name="validateForm" hits="0" signature="()V">
              <lines>
                <line number="181" hits="0"/>
              </lines>
            </method>
            <method name="onFieldChange" hits="0" signature="()V">
              <lines>
                <line number="188" hits="0"/>
              </lines>
            </method>
            <method name="onAutofill" hits="0" signature="()V">
              <lines>
                <line number="191" hits="0"/>
              </lines>
            </method>
            <method name="(anonymous_12)" hits="0" signature="()V">
              <lines>
                <line number="192" hits="0"/>
              </lines>
            </method>
            <method name="setAddressType" hits="0" signature="()V">
              <lines>
                <line number="199" hits="0"/>
              </lines>
            </method>
            <method name="submit" hits="0" signature="()V">
              <lines>
                <line number="202" hits="0"/>
              </lines>
            </method>
            <method name="(anonymous_15)" hits="0" signature="()V">
              <lines>
                <line number="204" hits="0"/>
              </lines>
            </method>
            <method name="(anonymous_16)" hits="0" signature="()V">
              <lines>
                <line number="212" hits="0"/>
              </lines>
            </method>
            <method name="(anonymous_17)" hits="0" signature="()V">
              <lines>
                <line number="221" hits="0"/>
              </lines>
            </method>
            <method name="(anonymous_18)" hits="0" signature="()V">
              <lines>
                <line number="1" hits="0"/>
              </lines>
            </method>
          </methods>
          <lines>
            <line number="1" hits="3" branch="true" condition-coverage="0% (0/2)"/>
            <line number="45" hits="1" branch="false"/>
            <line number="46" hits="1" branch="false"/>
            <line number="47" hits="1" branch="false"/>
            <line number="48" hits="1" branch="false"/>
            <line number="49" hits="1" branch="false"/>
            <line number="50" hits="1" branch="false"/>
            <line number="51" hits="1" branch="false"/>
            <line number="52" hits="1" branch="false"/>
            <line number="53" hits="1" branch="false"/>
            <line number="55" hits="1" branch="false"/>
            <line number="56" hits="1" branch="false"/>
            <line number="57" hits="1" branch="false"/>
            <line number="58" hits="1" branch="false"/>
            <line number="59" hits="1" branch="false"/>
            <line number="60" hits="1" branch="false"/>
            <line number="61" hits="1" branch="false"/>
            <line number="62" hits="1" branch="false"/>
            <line number="63" hits="1" branch="false"/>
            <line number="64" hits="1" branch="false"/>
            <line number="65" hits="1" branch="false"/>
            <line number="84" hits="0" branch="false"/>
            <line number="151" hits="0" branch="false"/>
            <line number="152" hits="0" branch="false"/>
            <line number="167" hits="0" branch="false"/>
            <line number="168" hits="0" branch="false"/>
            <line number="169" hits="0" branch="true" condition-coverage="0% (0/1)"/>
            <line number="170" hits="0" branch="false"/>
            <line number="172" hits="0" branch="false"/>
            <line number="182" hits="0" branch="false"/>
            <line number="189" hits="0" branch="false"/>
            <line number="191" hits="0" branch="false"/>
            <line number="192" hits="0" branch="false"/>
            <line number="193" hits="0" branch="false"/>
            <line number="194" hits="0" branch="true" condition-coverage="0% (0/1)"/>
            <line number="195" hits="0" branch="false"/>
            <line number="200" hits="0" branch="false"/>
            <line number="202" hits="0" branch="false"/>
            <line number="203" hits="0" branch="false"/>
            <line number="204" hits="0" branch="false"/>
            <line number="205" hits="0" branch="true" condition-coverage="0% (0/1)"/>
            <line number="206" hits="0" branch="false"/>
            <line number="207" hits="0" branch="false"/>
            <line number="209" hits="0" branch="false"/>
            <line number="210" hits="0" branch="false"/>
            <line number="211" hits="0" branch="false"/>
            <line number="212" hits="0" branch="false"/>
            <line number="213" hits="0" branch="false"/>
            <line number="215" hits="0" branch="false"/>
            <line number="216" hits="0" branch="false"/>
            <line number="217" hits="0" branch="false"/>
            <line number="218" hits="0" branch="false"/>
            <line number="223" hits="0" branch="false"/>
            <line number="224" hits="0" branch="true" condition-coverage="0% (0/2)"/>
            <line number="225" hits="0" branch="false"/>
            <line number="226" hits="0" branch="false"/>
            <line number="233" hits="0" branch="true" condition-coverage="0% (0/2)"/>
            <line number="234" hits="0" branch="false"/>
            <line number="236" hits="0" branch="false"/>
            <line number="237" hits="0" branch="false"/>
            <line number="238" hits="0" branch="false"/>
            <line number="239" hits="0" branch="false"/>
            <line number="241" hits="0" branch="false"/>
            <line number="246" hits="0" branch="false"/>
          </lines>
        </class>
        <class name="AddressTypeFull.vue" filename="src/components/pages/donation_confirmation/AddressTypeFull.vue" line-rate="1" branch-rate="1">
          <methods>
            <method name="setup" hits="2" signature="()V">
              <lines>
                <line number="31" hits="2"/>
              </lines>
            </method>
            <method name="(anonymous_1)" hits="2" signature="()V">
              <lines>
                <line number="35" hits="2"/>
              </lines>
            </method>
            <method name="(anonymous_2)" hits="6" signature="()V">
              <lines>
                <line number="1" hits="6"/>
              </lines>
            </method>
          </methods>
          <lines>
            <line number="1" hits="20" branch="false"/>
            <line number="23" hits="2" branch="false"/>
            <line number="24" hits="2" branch="false"/>
            <line number="31" hits="2" branch="false"/>
            <line number="33" hits="2" branch="true" condition-coverage="100% (2/2)"/>
            <line number="35" hits="2" branch="false"/>
            <line number="36" hits="2" branch="true" condition-coverage="100% (2/2)"/>
            <line number="38" hits="1" branch="false"/>
            <line number="39" hits="1" branch="false"/>
            <line number="41" hits="1" branch="false"/>
            <line number="42" hits="1" branch="false"/>
            <line number="46" hits="2" branch="false"/>
          </lines>
        </class>
        <class name="AddressUsageToggle.vue" filename="src/components/pages/donation_confirmation/AddressUsageToggle.vue" line-rate="0.5" branch-rate="1">
          <methods>
            <method name="data" hits="0" signature="()V">
              <lines>
                <line number="13" hits="0"/>
              </lines>
            </method>
            <method name="toggleContent" hits="0" signature="()V">
              <lines>
                <line number="19" hits="0"/>
              </lines>
            </method>
            <method name="(anonymous_2)" hits="0" signature="()V">
              <lines>
                <line number="1" hits="0"/>
              </lines>
            </method>
          </methods>
          <lines>
            <line number="1" hits="3" branch="false"/>
            <line number="9" hits="1" branch="false"/>
            <line number="14" hits="0" branch="false"/>
            <line number="20" hits="0" branch="false"/>
          </lines>
        </class>
        <class name="MembershipInfo.vue" filename="src/components/pages/donation_confirmation/MembershipInfo.vue" line-rate="1" branch-rate="1">
          <methods>
            <method name="membershipApplicationUrl" hits="3" signature="()V">
              <lines>
                <line number="35" hits="3"/>
              </lines>
            </method>
            <method name="(anonymous_1)" hits="3" signature="()V">
              <lines>
                <line number="1" hits="3"/>
              </lines>
            </method>
          </methods>
          <lines>
            <line number="1" hits="15" branch="false"/>
            <line number="26" hits="2" branch="false"/>
            <line number="36" hits="3" branch="false"/>
            <line number="37" hits="3" branch="false"/>
          </lines>
        </class>
        <class name="PaymentNotice.vue" filename="src/components/pages/donation_confirmation/PaymentNotice.vue" line-rate="1" branch-rate="1">
          <methods>
            <method name="paymentNotice" hits="5" signature="()V">
              <lines>
                <line number="37" hits="5"/>
              </lines>
            </method>
            <method name="(anonymous_10)" hits="5" signature="()V">
              <lines>
                <line number="1" hits="5"/>
              </lines>
            </method>
          </methods>
          <lines>
            <line number="1" hits="18" branch="false"/>
            <line number="9" hits="1" branch="false"/>
            <line number="15" hits="1" branch="false"/>
            <line number="21" hits="3" branch="false"/>
            <line number="25" hits="1" branch="false"/>
            <line number="38" hits="5" branch="false"/>
            <line number="39" hits="5" branch="false"/>
            <line number="40" hits="5" branch="true" condition-coverage="100% (1/1)"/>
            <line number="41" hits="3" branch="false"/>
            <line number="43" hits="2" branch="false"/>
          </lines>
        </class>
        <class name="PaymentNoticeAlt.vue" filename="src/components/pages/donation_confirmation/PaymentNoticeAlt.vue" line-rate="0.9" branch-rate="1">
          <methods>
            <method name="paymentNotice" hits="2" signature="()V">
              <lines>
                <line number="37" hits="2"/>
              </lines>
            </method>
            <method name="(anonymous_10)" hits="2" signature="()V">
              <lines>
                <line number="1" hits="2"/>
              </lines>
            </method>
          </methods>
          <lines>
            <line number="1" hits="9" branch="false"/>
            <line number="9" hits="1" branch="false"/>
            <line number="15" hits="0" branch="false"/>
            <line number="21" hits="1" branch="false"/>
            <line number="25" hits="1" branch="false"/>
            <line number="38" hits="2" branch="false"/>
            <line number="39" hits="2" branch="false"/>
            <line number="40" hits="2" branch="true" condition-coverage="100% (1/1)"/>
            <line number="41" hits="1" branch="false"/>
            <line number="43" hits="1" branch="false"/>
          </lines>
        </class>
        <class name="SummaryLinks.vue" filename="src/components/pages/donation_confirmation/SummaryLinks.vue" line-rate="0.75" branch-rate="0.6666">
          <methods>
            <method name="data" hits="6" signature="()V">
              <lines>
                <line number="35" hits="6"/>
              </lines>
            </method>
            <method name="donationCanBeCanceled" hits="6" signature="()V">
              <lines>
                <line number="48" hits="6"/>
              </lines>
            </method>
            <method name="donationCanBeCommented" hits="6" signature="()V">
              <lines>
                <line number="51" hits="6"/>
              </lines>
            </method>
            <method name="openPopUp" hits="0" signature="()V">
              <lines>
                <line number="56" hits="0"/>
              </lines>
            </method>
            <method name="(anonymous_4)" hits="6" signature="()V">
              <lines>
                <line number="1" hits="6"/>
              </lines>
            </method>
          </methods>
          <lines>
            <line number="1" hits="24" branch="true" condition-coverage="100% (2/2)"/>
            <line number="26" hits="2" branch="false"/>
            <line number="27" hits="2" branch="false"/>
            <line number="36" hits="6" branch="false"/>
            <line number="49" hits="6" branch="false"/>
            <line number="52" hits="6" branch="false"/>
            <line number="57" hits="0" branch="true" condition-coverage="0% (0/1)"/>
            <line number="58" hits="0" branch="false"/>
          </lines>
        </class>
      </classes>
    </package>
    <package name="src.components.pages.donation_form" line-rate="0.48840000000000006" branch-rate="0.2321">
      <classes>
        <class name="AddressForms.vue" filename="src/components/pages/donation_form/AddressForms.vue" line-rate="1" branch-rate="1">
          <methods>
            <method name="setup" hits="17" signature="()V">
              <lines>
                <line number="144" hits="17"/>
              </lines>
            </method>
            <method name="(anonymous_1)" hits="17" signature="()V">
              <lines>
                <line number="157" hits="17"/>
              </lines>
            </method>
            <method name="(anonymous_2)" hits="18" signature="()V">
              <lines>
                <line number="1" hits="18"/>
              </lines>
            </method>
          </methods>
          <lines>
            <line number="1" hits="61" branch="false"/>
            <line number="101" hits="3" branch="false"/>
            <line number="102" hits="3" branch="false"/>
            <line number="103" hits="3" branch="false"/>
            <line number="104" hits="3" branch="false"/>
            <line number="105" hits="3" branch="false"/>
            <line number="106" hits="3" branch="false"/>
            <line number="107" hits="3" branch="false"/>
            <line number="108" hits="3" branch="false"/>
            <line number="109" hits="3" branch="false"/>
            <line number="110" hits="3" branch="false"/>
            <line number="113" hits="3" branch="false"/>
            <line number="117" hits="3" branch="false"/>
            <line number="144" hits="17" branch="false"/>
            <line number="145" hits="68" branch="false"/>
            <line number="146" hits="119" branch="false"/>
            <line number="157" hits="17" branch="false"/>
            <line number="158" hits="17" branch="true" condition-coverage="100% (3/3)"/>
            <line number="159" hits="1" branch="false"/>
            <line number="161" hits="16" branch="true" condition-coverage="100% (2/2)"/>
            <line number="164" hits="17" branch="false"/>
            <line number="166" hits="17" branch="false"/>
          </lines>
        </class>
        <class name="AddressFunctions.ts" filename="src/components/pages/donation_form/AddressFunctions.ts" line-rate="0.8518000000000001" branch-rate="0.6666">
          <methods>
            <method name="useAddressFunctions" hits="17" signature="()V">
              <lines>
                <line number="30" hits="17"/>
              </lines>
            </method>
            <method name="(anonymous_1)" hits="17" signature="()V">
              <lines>
                <line number="98" hits="17"/>
              </lines>
            </method>
            <method name="(anonymous_2)" hits="170" signature="()V">
              <lines>
                <line number="99" hits="170"/>
              </lines>
            </method>
            <method name="(anonymous_3)" hits="17" signature="()V">
              <lines>
                <line number="109" hits="17"/>
              </lines>
            </method>
            <method name="onFieldChange" hits="2" signature="()V">
              <lines>
                <line number="113" hits="2"/>
              </lines>
            </method>
            <method name="onAutofill" hits="0" signature="()V">
              <lines>
                <line number="117" hits="0"/>
              </lines>
            </method>
            <method name="(anonymous_6)" hits="0" signature="()V">
              <lines>
                <line number="118" hits="0"/>
              </lines>
            </method>
            <method name="setReceiptOptedOut" hits="1" signature="()V">
              <lines>
                <line number="126" hits="1"/>
              </lines>
            </method>
            <method name="initializeDataFromStore" hits="17" signature="()V">
              <lines>
                <line number="133" hits="17"/>
              </lines>
            </method>
            <method name="(anonymous_9)" hits="170" signature="()V">
              <lines>
                <line number="134" hits="170"/>
              </lines>
            </method>
          </methods>
          <lines>
            <line number="2" hits="3" branch="false"/>
            <line number="3" hits="3" branch="false"/>
            <line number="4" hits="3" branch="false"/>
            <line number="9" hits="3" branch="false"/>
            <line number="10" hits="3" branch="false"/>
            <line number="11" hits="3" branch="false"/>
            <line number="30" hits="3" branch="false"/>
            <line number="31" hits="17" branch="false"/>
            <line number="97" hits="17" branch="false"/>
            <line number="99" hits="17" branch="false"/>
            <line number="100" hits="170" branch="true" condition-coverage="100% (1/1)"/>
            <line number="101" hits="153" branch="false"/>
            <line number="103" hits="170" branch="false"/>
            <line number="108" hits="17" branch="false"/>
            <line number="109" hits="17" branch="false"/>
            <line number="114" hits="2" branch="false"/>
            <line number="118" hits="0" branch="false"/>
            <line number="119" hits="0" branch="false"/>
            <line number="120" hits="0" branch="true" condition-coverage="0% (0/1)"/>
            <line number="121" hits="0" branch="false"/>
            <line number="127" hits="1" branch="false"/>
            <line number="134" hits="17" branch="false"/>
            <line number="135" hits="170" branch="false"/>
            <line number="136" hits="170" branch="false"/>
            <line number="137" hits="170" branch="true" condition-coverage="100% (1/1)"/>
            <line number="138" hits="2" branch="false"/>
            <line number="143" hits="17" branch="false"/>
          </lines>
        </class>
        <class name="AddressType.vue" filename="src/components/pages/donation_form/AddressType.vue" line-rate="0.7234" branch-rate="0.4736">
          <methods>
            <method name="setup" hits="5" signature="()V">
              <lines>
                <line number="84" hits="5"/>
              </lines>
            </method>
            <method name="(anonymous_1)" hits="5" signature="()V">
              <lines>
                <line number="113" hits="5"/>
              </lines>
            </method>
            <method name="(anonymous_2)" hits="5" signature="()V">
              <lines>
                <line number="114" hits="5"/>
              </lines>
            </method>
            <method name="(anonymous_3)" hits="8" signature="()V">
              <lines>
                <line number="115" hits="8"/>
              </lines>
            </method>
            <method name="(anonymous_4)" hits="5" signature="()V">
              <lines>
                <line number="118" hits="5"/>
              </lines>
            </method>
            <method name="(anonymous_6)" hits="3" signature="()V">
              <lines>
                <line number="126" hits="3"/>
              </lines>
            </method>
            <method name="(anonymous_7)" hits="2" signature="()V">
              <lines>
                <line number="144" hits="2"/>
              </lines>
            </method>
            <method name="(anonymous_8)" hits="15" signature="()V">
              <lines>
                <line number="1" hits="15"/>
              </lines>
            </method>
          </methods>
          <lines>
            <line number="1" hits="44" branch="false"/>
            <line number="64" hits="3" branch="false"/>
            <line number="65" hits="3" branch="false"/>
            <line number="69" hits="3" branch="false"/>
            <line number="84" hits="5" branch="false"/>
            <line number="86" hits="5" branch="false"/>
            <line number="87" hits="5" branch="false"/>
            <line number="89" hits="5" branch="true" condition-coverage="50% (1/2)"/>
            <line number="91" hits="5" branch="true" condition-coverage="20% (1/5)"/>
            <line number="93" hits="0" branch="false"/>
            <line number="94" hits="0" branch="false"/>
            <line number="95" hits="0" branch="false"/>
            <line number="98" hits="5" branch="false"/>
            <line number="99" hits="5" branch="false"/>
            <line number="100" hits="5" branch="false"/>
            <line number="102" hits="0" branch="false"/>
            <line number="103" hits="0" branch="false"/>
            <line number="104" hits="0" branch="false"/>
            <line number="106" hits="0" branch="false"/>
            <line number="107" hits="0" branch="false"/>
            <line number="108" hits="0" branch="false"/>
            <line number="111" hits="5" branch="false"/>
            <line number="113" hits="10" branch="true" condition-coverage="100% (2/2)"/>
            <line number="114" hits="10" branch="true" condition-coverage="100% (2/2)"/>
            <line number="115" hits="13" branch="false"/>
            <line number="118" hits="5" branch="false"/>
            <line number="119" hits="0" branch="true" condition-coverage="0% (0/4)"/>
            <line number="120" hits="0" branch="false"/>
            <line number="121" hits="0" branch="false"/>
            <line number="126" hits="5" branch="false"/>
            <line number="127" hits="3" branch="true" condition-coverage="100% (3/3)"/>
            <line number="129" hits="1" branch="false"/>
            <line number="130" hits="1" branch="false"/>
            <line number="132" hits="1" branch="false"/>
            <line number="133" hits="1" branch="false"/>
            <line number="134" hits="1" branch="false"/>
            <line number="136" hits="1" branch="false"/>
            <line number="137" hits="1" branch="false"/>
            <line number="138" hits="1" branch="false"/>
            <line number="140" hits="3" branch="false"/>
            <line number="141" hits="3" branch="false"/>
            <line number="144" hits="5" branch="false"/>
            <line number="145" hits="2" branch="true" condition-coverage="0% (0/1)"/>
            <line number="146" hits="0" branch="false"/>
            <line number="148" hits="2" branch="false"/>
            <line number="149" hits="2" branch="false"/>
            <line number="152" hits="5" branch="false"/>
          </lines>
        </class>
        <class name="AddressTypeFunctions.ts" filename="src/components/pages/donation_form/AddressTypeFunctions.ts" line-rate="1" branch-rate="1">
          <methods>
            <method name="useAddressTypeFunctions" hits="3" signature="()V">
              <lines>
                <line number="7" hits="3"/>
              </lines>
            </method>
            <method name="(anonymous_1)" hits="5" signature="()V">
              <lines>
                <line number="9" hits="5"/>
              </lines>
            </method>
            <method name="(anonymous_2)" hits="3" signature="()V">
              <lines>
                <line number="13" hits="3"/>
              </lines>
            </method>
            <method name="(anonymous_3)" hits="3" signature="()V">
              <lines>
                <line number="14" hits="3"/>
              </lines>
            </method>
            <method name="(anonymous_4)" hits="3" signature="()V">
              <lines>
                <line number="15" hits="3"/>
              </lines>
            </method>
            <method name="(anonymous_5)" hits="3" signature="()V">
              <lines>
                <line number="18" hits="3"/>
              </lines>
            </method>
            <method name="setAddressType" hits="1" signature="()V">
              <lines>
                <line number="21" hits="1"/>
              </lines>
            </method>
          </methods>
          <lines>
            <line number="1" hits="2" branch="false"/>
            <line number="2" hits="2" branch="false"/>
            <line number="3" hits="2" branch="false"/>
            <line number="4" hits="2" branch="false"/>
            <line number="5" hits="2" branch="false"/>
            <line number="7" hits="2" branch="false"/>
            <line number="8" hits="3" branch="false"/>
            <line number="10" hits="5" branch="true" condition-coverage="100% (2/2)"/>
            <line number="13" hits="3" branch="false"/>
            <line number="14" hits="3" branch="false"/>
            <line number="15" hits="3" branch="false"/>
            <line number="17" hits="3" branch="false"/>
            <line number="18" hits="3" branch="false"/>
            <line number="22" hits="1" branch="false"/>
            <line number="25" hits="3" branch="false"/>
          </lines>
        </class>
        <class name="AddressType_checkmarks.vue" filename="src/components/pages/donation_form/AddressType_checkmarks.vue" line-rate="0.12240000000000001" branch-rate="0">
          <methods>
            <method name="setup" hits="0" signature="()V">
              <lines>
                <line number="144" hits="0"/>
              </lines>
            </method>
            <method name="(anonymous_1)" hits="0" signature="()V">
              <lines>
                <line number="173" hits="0"/>
              </lines>
            </method>
            <method name="(anonymous_2)" hits="0" signature="()V">
              <lines>
                <line number="174" hits="0"/>
              </lines>
            </method>
            <method name="(anonymous_3)" hits="0" signature="()V">
              <lines>
                <line number="175" hits="0"/>
              </lines>
            </method>
            <method name="(anonymous_4)" hits="0" signature="()V">
              <lines>
                <line number="178" hits="0"/>
              </lines>
            </method>
            <method name="(anonymous_6)" hits="0" signature="()V">
              <lines>
                <line number="186" hits="0"/>
              </lines>
            </method>
            <method name="(anonymous_7)" hits="0" signature="()V">
              <lines>
                <line number="204" hits="0"/>
              </lines>
            </method>
            <method name="(anonymous_8)" hits="0" signature="()V">
              <lines>
                <line number="1" hits="0"/>
              </lines>
            </method>
          </methods>
          <lines>
            <line number="1" hits="6" branch="false"/>
            <line number="121" hits="2" branch="false"/>
            <line number="122" hits="2" branch="false"/>
            <line number="123" hits="2" branch="false"/>
            <line number="124" hits="2" branch="false"/>
            <line number="128" hits="2" branch="false"/>
            <line number="144" hits="0" branch="false"/>
            <line number="146" hits="0" branch="false"/>
            <line number="147" hits="0" branch="false"/>
            <line number="149" hits="0" branch="true" condition-coverage="0% (0/2)"/>
            <line number="151" hits="0" branch="true" condition-coverage="0% (0/5)"/>
            <line number="153" hits="0" branch="false"/>
            <line number="154" hits="0" branch="false"/>
            <line number="155" hits="0" branch="false"/>
            <line number="158" hits="0" branch="false"/>
            <line number="159" hits="0" branch="false"/>
            <line number="160" hits="0" branch="false"/>
            <line number="162" hits="0" branch="false"/>
            <line number="163" hits="0" branch="false"/>
            <line number="164" hits="0" branch="false"/>
            <line number="166" hits="0" branch="false"/>
            <line number="167" hits="0" branch="false"/>
            <line number="168" hits="0" branch="false"/>
            <line number="171" hits="0" branch="false"/>
            <line number="173" hits="0" branch="true" condition-coverage="0% (0/2)"/>
            <line number="174" hits="0" branch="true" condition-coverage="0% (0/2)"/>
            <line number="175" hits="0" branch="false"/>
            <line number="178" hits="0" branch="false"/>
            <line number="179" hits="0" branch="true" condition-coverage="0% (0/4)"/>
            <line number="180" hits="0" branch="false"/>
            <line number="181" hits="0" branch="false"/>
            <line number="186" hits="0" branch="false"/>
            <line number="187" hits="0" branch="true" condition-coverage="0% (0/3)"/>
            <line number="189" hits="0" branch="false"/>
            <line number="190" hits="0" branch="false"/>
            <line number="192" hits="0" branch="false"/>
            <line number="193" hits="0" branch="false"/>
            <line number="194" hits="0" branch="false"/>
            <line number="196" hits="0" branch="false"/>
            <line number="197" hits="0" branch="false"/>
            <line number="198" hits="0" branch="false"/>
            <line number="200" hits="0" branch="false"/>
            <line number="201" hits="0" branch="false"/>
            <line number="204" hits="0" branch="false"/>
            <line number="205" hits="0" branch="true" condition-coverage="0% (0/1)"/>
            <line number="206" hits="0" branch="false"/>
            <line number="208" hits="0" branch="false"/>
            <line number="209" hits="0" branch="false"/>
            <line number="212" hits="0" branch="false"/>
          </lines>
        </class>
        <class name="AddressType_no_anon.vue" filename="src/components/pages/donation_form/AddressType_no_anon.vue" line-rate="0.1" branch-rate="0">
          <methods>
            <method name="setup" hits="0" signature="()V">
              <lines>
                <line number="79" hits="0"/>
              </lines>
            </method>
            <method name="(anonymous_1)" hits="0" signature="()V">
              <lines>
                <line number="105" hits="0"/>
              </lines>
            </method>
            <method name="(anonymous_2)" hits="0" signature="()V">
              <lines>
                <line number="106" hits="0"/>
              </lines>
            </method>
            <method name="(anonymous_3)" hits="0" signature="()V">
              <lines>
                <line number="109" hits="0"/>
              </lines>
            </method>
            <method name="(anonymous_5)" hits="0" signature="()V">
              <lines>
                <line number="117" hits="0"/>
              </lines>
            </method>
            <method name="(anonymous_6)" hits="0" signature="()V">
              <lines>
                <line number="131" hits="0"/>
              </lines>
            </method>
            <method name="(anonymous_7)" hits="0" signature="()V">
              <lines>
                <line number="1" hits="0"/>
              </lines>
            </method>
          </methods>
          <lines>
            <line number="1" hits="6" branch="false"/>
            <line number="59" hits="2" branch="false"/>
            <line number="60" hits="2" branch="false"/>
            <line number="64" hits="2" branch="false"/>
            <line number="79" hits="0" branch="false"/>
            <line number="81" hits="0" branch="false"/>
            <line number="82" hits="0" branch="false"/>
            <line number="84" hits="0" branch="true" condition-coverage="0% (0/2)"/>
            <line number="86" hits="0" branch="true" condition-coverage="0% (0/5)"/>
            <line number="90" hits="0" branch="false"/>
            <line number="91" hits="0" branch="false"/>
            <line number="92" hits="0" branch="false"/>
            <line number="94" hits="0" branch="false"/>
            <line number="95" hits="0" branch="false"/>
            <line number="96" hits="0" branch="false"/>
            <line number="98" hits="0" branch="false"/>
            <line number="99" hits="0" branch="false"/>
            <line number="100" hits="0" branch="false"/>
            <line number="103" hits="0" branch="false"/>
            <line number="105" hits="0" branch="true" condition-coverage="0% (0/2)"/>
            <line number="106" hits="0" branch="false"/>
            <line number="109" hits="0" branch="false"/>
            <line number="110" hits="0" branch="true" condition-coverage="0% (0/4)"/>
            <line number="111" hits="0" branch="false"/>
            <line number="112" hits="0" branch="false"/>
            <line number="117" hits="0" branch="false"/>
            <line number="118" hits="0" branch="true" condition-coverage="0% (0/2)"/>
            <line number="120" hits="0" branch="false"/>
            <line number="121" hits="0" branch="false"/>
            <line number="123" hits="0" branch="false"/>
            <line number="124" hits="0" branch="false"/>
            <line number="125" hits="0" branch="false"/>
            <line number="127" hits="0" branch="false"/>
            <line number="128" hits="0" branch="false"/>
            <line number="131" hits="0" branch="false"/>
            <line number="132" hits="0" branch="true" condition-coverage="0% (0/1)"/>
            <line number="133" hits="0" branch="false"/>
            <line number="135" hits="0" branch="false"/>
            <line number="136" hits="0" branch="false"/>
            <line number="139" hits="0" branch="false"/>
          </lines>
        </class>
        <class name="AddressType_var.vue" filename="src/components/pages/donation_form/AddressType_var.vue" line-rate="0.0851" branch-rate="0">
          <methods>
            <method name="setup" hits="0" signature="()V">
              <lines>
                <line number="90" hits="0"/>
              </lines>
            </method>
            <method name="(anonymous_1)" hits="0" signature="()V">
              <lines>
                <line number="119" hits="0"/>
              </lines>
            </method>
            <method name="(anonymous_2)" hits="0" signature="()V">
              <lines>
                <line number="120" hits="0"/>
              </lines>
            </method>
            <method name="(anonymous_3)" hits="0" signature="()V">
              <lines>
                <line number="121" hits="0"/>
              </lines>
            </method>
            <method name="(anonymous_4)" hits="0" signature="()V">
              <lines>
                <line number="124" hits="0"/>
              </lines>
            </method>
            <method name="(anonymous_6)" hits="0" signature="()V">
              <lines>
                <line number="132" hits="0"/>
              </lines>
            </method>
            <method name="(anonymous_7)" hits="0" signature="()V">
              <lines>
                <line number="150" hits="0"/>
              </lines>
            </method>
            <method name="(anonymous_8)" hits="0" signature="()V">
              <lines>
                <line number="1" hits="0"/>
              </lines>
            </method>
          </methods>
          <lines>
            <line number="1" hits="6" branch="false"/>
            <line number="70" hits="2" branch="false"/>
            <line number="71" hits="2" branch="false"/>
            <line number="75" hits="2" branch="false"/>
            <line number="90" hits="0" branch="false"/>
            <line number="92" hits="0" branch="false"/>
            <line number="93" hits="0" branch="false"/>
            <line number="95" hits="0" branch="true" condition-coverage="0% (0/2)"/>
            <line number="97" hits="0" branch="true" condition-coverage="0% (0/5)"/>
            <line number="99" hits="0" branch="false"/>
            <line number="100" hits="0" branch="false"/>
            <line number="101" hits="0" branch="false"/>
            <line number="104" hits="0" branch="false"/>
            <line number="105" hits="0" branch="false"/>
            <line number="106" hits="0" branch="false"/>
            <line number="108" hits="0" branch="false"/>
            <line number="109" hits="0" branch="false"/>
            <line number="110" hits="0" branch="false"/>
            <line number="112" hits="0" branch="false"/>
            <line number="113" hits="0" branch="false"/>
            <line number="114" hits="0" branch="false"/>
            <line number="117" hits="0" branch="false"/>
            <line number="119" hits="0" branch="true" condition-coverage="0% (0/2)"/>
            <line number="120" hits="0" branch="true" condition-coverage="0% (0/2)"/>
            <line number="121" hits="0" branch="false"/>
            <line number="124" hits="0" branch="false"/>
            <line number="125" hits="0" branch="true" condition-coverage="0% (0/4)"/>
            <line number="126" hits="0" branch="false"/>
            <line number="127" hits="0" branch="false"/>
            <line number="132" hits="0" branch="false"/>
            <line number="133" hits="0" branch="true" condition-coverage="0% (0/3)"/>
            <line number="135" hits="0" branch="false"/>
            <line number="136" hits="0" branch="false"/>
            <line number="138" hits="0" branch="false"/>
            <line number="139" hits="0" branch="false"/>
            <line number="140" hits="0" branch="false"/>
            <line number="142" hits="0" branch="false"/>
            <line number="143" hits="0" branch="false"/>
            <line number="144" hits="0" branch="false"/>
            <line number="146" hits="0" branch="false"/>
            <line number="147" hits="0" branch="false"/>
            <line number="150" hits="0" branch="false"/>
            <line number="151" hits="0" branch="true" condition-coverage="0% (0/1)"/>
            <line number="152" hits="0" branch="false"/>
            <line number="154" hits="0" branch="false"/>
            <line number="155" hits="0" branch="false"/>
            <line number="158" hits="0" branch="false"/>
          </lines>
        </class>
        <class name="BasicAddressType.vue" filename="src/components/pages/donation_form/BasicAddressType.vue" line-rate="0.0967" branch-rate="0">
          <methods>
            <method name="setup" hits="0" signature="()V">
              <lines>
                <line number="51" hits="0"/>
              </lines>
            </method>
            <method name="(anonymous_1)" hits="0" signature="()V">
              <lines>
                <line number="75" hits="0"/>
              </lines>
            </method>
            <method name="(anonymous_2)" hits="0" signature="()V">
              <lines>
                <line number="78" hits="0"/>
              </lines>
            </method>
            <method name="(anonymous_4)" hits="0" signature="()V">
              <lines>
                <line number="85" hits="0"/>
              </lines>
            </method>
            <method name="(anonymous_5)" hits="0" signature="()V">
              <lines>
                <line number="1" hits="0"/>
              </lines>
            </method>
          </methods>
          <lines>
            <line number="1" hits="6" branch="false"/>
            <line number="40" hits="2" branch="false"/>
            <line number="41" hits="2" branch="false"/>
            <line number="51" hits="0" branch="false"/>
            <line number="53" hits="0" branch="false"/>
            <line number="55" hits="0" branch="true" condition-coverage="0% (0/2)"/>
            <line number="57" hits="0" branch="true" condition-coverage="0% (0/4)"/>
            <line number="59" hits="0" branch="false"/>
            <line number="60" hits="0" branch="false"/>
            <line number="62" hits="0" branch="false"/>
            <line number="63" hits="0" branch="false"/>
            <line number="65" hits="0" branch="false"/>
            <line number="66" hits="0" branch="false"/>
            <line number="68" hits="0" branch="false"/>
            <line number="69" hits="0" branch="false"/>
            <line number="71" hits="0" branch="false"/>
            <line number="73" hits="0" branch="false"/>
            <line number="75" hits="0" branch="true" condition-coverage="0% (0/2)"/>
            <line number="78" hits="0" branch="false"/>
            <line number="79" hits="0" branch="true" condition-coverage="0% (0/4)"/>
            <line number="80" hits="0" branch="false"/>
            <line number="85" hits="0" branch="false"/>
            <line number="86" hits="0" branch="true" condition-coverage="0% (0/3)"/>
            <line number="88" hits="0" branch="false"/>
            <line number="89" hits="0" branch="false"/>
            <line number="91" hits="0" branch="false"/>
            <line number="92" hits="0" branch="false"/>
            <line number="94" hits="0" branch="false"/>
            <line number="95" hits="0" branch="false"/>
            <line number="97" hits="0" branch="false"/>
            <line number="100" hits="0" branch="false"/>
          </lines>
        </class>
        <class name="Checkmark.vue" filename="src/components/pages/donation_form/Checkmark.vue" line-rate="1" branch-rate="1">
          <methods>
            <method name="(anonymous_0)" hits="0" signature="()V">
              <lines>
                <line number="1" hits="0"/>
              </lines>
            </method>
          </methods>
          <lines>
            <line number="1" hits="6" branch="false"/>
          </lines>
        </class>
        <class name="Cross.vue" filename="src/components/pages/donation_form/Cross.vue" line-rate="1" branch-rate="1">
          <methods>
            <method name="(anonymous_0)" hits="0" signature="()V">
              <lines>
                <line number="1" hits="0"/>
              </lines>
            </method>
          </methods>
          <lines>
            <line number="1" hits="6" branch="false"/>
          </lines>
        </class>
        <class name="NewsletterOptIn.vue" filename="src/components/pages/donation_form/NewsletterOptIn.vue" line-rate="1" branch-rate="1">
          <methods>
            <method name="data" hits="53" signature="()V">
              <lines>
                <line number="21" hits="53"/>
              </lines>
            </method>
            <method name="mounted" hits="53" signature="()V">
              <lines>
                <line number="26" hits="53"/>
              </lines>
            </method>
            <method name="setNewsletterOptIn" hits="1" signature="()V">
              <lines>
                <line number="30" hits="1"/>
              </lines>
            </method>
            <method name="(anonymous_3)" hits="58" signature="()V">
              <lines>
                <line number="1" hits="58"/>
              </lines>
            </method>
          </methods>
          <lines>
            <line number="1" hits="187" branch="false"/>
            <line number="14" hits="5" branch="false"/>
            <line number="15" hits="5" branch="false"/>
[...]
              </lines>
            </method>
            <method name="amountValidity" hits="10" signature="()V">
              <lines>
                <line number="13" hits="10"/>
              </lines>
            </method>
            <method name="paymentDataIsValid" hits="0" signature="()V">
              <lines>
                <line number="19" hits="0"/>
              </lines>
            </method>
            <method name="isDirectDebitPayment" hits="5" signature="()V">
              <lines>
                <line number="27" hits="5"/>
              </lines>
            </method>
            <method name="isBankTransferPayment" hits="5" signature="()V">
              <lines>
                <line number="30" hits="5"/>
              </lines>
            </method>
            <method name="isExternalPayment" hits="10" signature="()V">
              <lines>
                <line number="33" hits="10"/>
              </lines>
            </method>
          </methods>
          <lines>
            <line number="2" hits="16" branch="false"/>
            <line number="3" hits="16" branch="false"/>
            <line number="4" hits="16" branch="false"/>
            <line number="6" hits="16" branch="false"/>
            <line number="8" hits="4" branch="false"/>
            <line number="11" hits="7" branch="false"/>
            <line number="14" hits="10" branch="true" condition-coverage="100% (1/1)"/>
            <line number="15" hits="6" branch="false"/>
            <line number="17" hits="4" branch="false"/>
            <line number="20" hits="0" branch="false"/>
            <line number="21" hits="0" branch="true" condition-coverage="0% (0/1)"/>
            <line number="22" hits="0" branch="false"/>
            <line number="25" hits="0" branch="false"/>
            <line number="28" hits="5" branch="false"/>
            <line number="31" hits="5" branch="false"/>
            <line number="34" hits="10" branch="false"/>
            <line number="35" hits="10" branch="false"/>
          </lines>
        </class>
        <class name="index.ts" filename="src/store/payment/index.ts" line-rate="1" branch-rate="1">
          <methods>
            <method name="_default" hits="63" signature="()V">
              <lines>
                <line number="8" hits="63"/>
              </lines>
            </method>
          </methods>
          <lines>
            <line number="2" hits="15" branch="false"/>
            <line number="3" hits="15" branch="false"/>
            <line number="4" hits="15" branch="false"/>
            <line number="5" hits="15" branch="false"/>
            <line number="9" hits="63" branch="false"/>
            <line number="23" hits="63" branch="false"/>
            <line number="25" hits="63" branch="false"/>
          </lines>
        </class>
        <class name="mutationTypes.ts" filename="src/store/payment/mutationTypes.ts" line-rate="1" branch-rate="1">
          <methods>
          </methods>
          <lines>
            <line number="1" hits="16" branch="false"/>
            <line number="2" hits="16" branch="false"/>
            <line number="3" hits="16" branch="false"/>
            <line number="4" hits="16" branch="false"/>
            <line number="5" hits="16" branch="false"/>
            <line number="6" hits="16" branch="false"/>
            <line number="7" hits="16" branch="false"/>
            <line number="8" hits="16" branch="false"/>
            <line number="9" hits="16" branch="false"/>
          </lines>
        </class>
        <class name="mutations.ts" filename="src/store/payment/mutations.ts" line-rate="0.7333" branch-rate="0.7142000000000001">
          <methods>
            <method name="(anonymous_0)" hits="30" signature="()V">
              <lines>
                <line number="16" hits="30"/>
              </lines>
            </method>
          </methods>
          <lines>
            <line number="2" hits="16" branch="false"/>
            <line number="3" hits="16" branch="false"/>
            <line number="16" hits="16" branch="false"/>
            <line number="18" hits="4" branch="false"/>
            <line number="19" hits="4" branch="true" condition-coverage="100% (4/4)"/>
            <line number="23" hits="0" branch="false"/>
            <line number="24" hits="0" branch="true" condition-coverage="0% (0/1)"/>
            <line number="25" hits="0" branch="false"/>
            <line number="30" hits="5" branch="false"/>
            <line number="33" hits="3" branch="true" condition-coverage="50% (1/2)"/>
            <line number="37" hits="5" branch="false"/>
            <line number="40" hits="5" branch="false"/>
            <line number="43" hits="5" branch="false"/>
            <line number="46" hits="0" branch="false"/>
            <line number="49" hits="3" branch="false"/>
          </lines>
        </class>
      </classes>
    </package>
    <package name="src.util" line-rate="1" branch-rate="1">
      <classes>
        <class name="FilteredUrlMembershipValues.ts" filename="src/util/FilteredUrlMembershipValues.ts" line-rate="1" branch-rate="1">
          <methods>
            <method name="FilteredUrlMembershipValues" hits="17" signature="()V">
              <lines>
                <line number="8" hits="17"/>
              </lines>
            </method>
            <method name="get" hits="5" signature="()V">
              <lines>
                <line number="13" hits="5"/>
              </lines>
            </method>
            <method name="get" hits="11" signature="()V">
              <lines>
                <line number="17" hits="11"/>
              </lines>
            </method>
          </methods>
          <lines>
            <line number="8" hits="51" branch="false"/>
            <line number="9" hits="17" branch="false"/>
            <line number="10" hits="17" branch="false"/>
            <line number="14" hits="5" branch="false"/>
            <line number="15" hits="5" branch="true" condition-coverage="100% (2/2)"/>
            <line number="18" hits="11" branch="false"/>
            <line number="19" hits="11" branch="true" condition-coverage="100% (2/2)"/>
          </lines>
        </class>
        <class name="UrlQueryParams.ts" filename="src/util/UrlQueryParams.ts" line-rate="1" branch-rate="1">
          <methods>
            <method name="UrlQueryParams" hits="22" signature="()V">
              <lines>
                <line number="4" hits="22"/>
              </lines>
            </method>
            <method name="(anonymous_2)" hits="25" signature="()V">
              <lines>
                <line number="9" hits="25"/>
              </lines>
            </method>
            <method name="has" hits="9" signature="()V">
              <lines>
                <line number="16" hits="9"/>
              </lines>
            </method>
            <method name="get" hits="23" signature="()V">
              <lines>
                <line number="20" hits="23"/>
              </lines>
            </method>
          </methods>
          <lines>
            <line number="4" hits="44" branch="false"/>
            <line number="6" hits="22" branch="false"/>
            <line number="10" hits="75" branch="false"/>
            <line number="11" hits="25" branch="false"/>
            <line number="13" hits="22" branch="false"/>
            <line number="17" hits="9" branch="false"/>
            <line number="21" hits="23" branch="true" condition-coverage="100% (2/2)"/>
          </lines>
        </class>
      </classes>
    </package>
    <package name="src.view_models" line-rate="0.925" branch-rate="0.7058">
      <classes>
        <class name="AddressTypeModel.ts" filename="src/view_models/AddressTypeModel.ts" line-rate="0.875" branch-rate="0.5">
          <methods>
            <method name="(anonymous_0)" hits="35" signature="()V">
              <lines>
                <line number="1" hits="35"/>
              </lines>
            </method>
            <method name="addressTypeName" hits="120" signature="()V">
              <lines>
                <line number="25" hits="120"/>
              </lines>
            </method>
            <method name="addressTypeFromName" hits="18" signature="()V">
              <lines>
                <line number="34" hits="18"/>
              </lines>
            </method>
          </methods>
          <lines>
            <line number="1" hits="35" branch="true" condition-coverage="100% (2/2)"/>
            <line number="2" hits="35" branch="false"/>
            <line number="3" hits="35" branch="false"/>
            <line number="4" hits="35" branch="false"/>
            <line number="5" hits="35" branch="false"/>
            <line number="6" hits="35" branch="false"/>
            <line number="9" hits="35" branch="false"/>
            <line number="17" hits="35" branch="false"/>
            <line number="26" hits="120" branch="false"/>
            <line number="28" hits="120" branch="true" condition-coverage="0% (0/1)"/>
            <line number="29" hits="0" branch="false"/>
            <line number="31" hits="120" branch="false"/>
            <line number="35" hits="18" branch="false"/>
            <line number="37" hits="18" branch="true" condition-coverage="0% (0/1)"/>
            <line number="38" hits="0" branch="false"/>
            <line number="40" hits="18" branch="false"/>
          </lines>
        </class>
        <class name="DataPersistence.ts" filename="src/view_models/DataPersistence.ts" line-rate="1" branch-rate="1">
          <methods>
            <method name="(anonymous_0)" hits="2" signature="()V">
              <lines>
                <line number="6" hits="2"/>
              </lines>
            </method>
          </methods>
          <lines>
            <line number="6" hits="2" branch="true" condition-coverage="100% (2/2)"/>
            <line number="7" hits="2" branch="false"/>
            <line number="8" hits="2" branch="false"/>
          </lines>
        </class>
        <class name="MembershipFee.ts" filename="src/view_models/MembershipFee.ts" line-rate="1" branch-rate="0.5">
          <methods>
            <method name="YearlyMembershipFee" hits="5" signature="()V">
              <lines>
                <line number="36" hits="5"/>
              </lines>
            </method>
            <method name="get" hits="5" signature="()V">
              <lines>
                <line number="41" hits="5"/>
              </lines>
            </method>
          </methods>
          <lines>
            <line number="36" hits="15" branch="false"/>
            <line number="37" hits="5" branch="true" condition-coverage="50% (1/2)"/>
            <line number="38" hits="5" branch="true" condition-coverage="50% (1/2)"/>
            <line number="42" hits="5" branch="false"/>
          </lines>
        </class>
        <class name="MembershipTypeModel.ts" filename="src/view_models/MembershipTypeModel.ts" line-rate="0.875" branch-rate="0.6666">
          <methods>
            <method name="(anonymous_0)" hits="8" signature="()V">
              <lines>
                <line number="1" hits="8"/>
              </lines>
            </method>
            <method name="membershipTypeName" hits="5" signature="()V">
              <lines>
                <line number="11" hits="5"/>
              </lines>
            </method>
          </methods>
          <lines>
            <line number="1" hits="8" branch="true" condition-coverage="100% (2/2)"/>
            <line number="2" hits="8" branch="false"/>
            <line number="3" hits="8" branch="false"/>
            <line number="6" hits="8" branch="false"/>
            <line number="12" hits="5" branch="false"/>
            <line number="14" hits="5" branch="true" condition-coverage="0% (0/1)"/>
            <line number="15" hits="0" branch="false"/>
            <line number="17" hits="5" branch="false"/>
          </lines>
        </class>
        <class name="Payment.ts" filename="src/view_models/Payment.ts" line-rate="1" branch-rate="1">
          <methods>
            <method name="(anonymous_0)" hits="18" signature="()V">
              <lines>
                <line number="33" hits="18"/>
              </lines>
            </method>
          </methods>
          <lines>
            <line number="33" hits="18" branch="true" condition-coverage="100% (2/2)"/>
            <line number="34" hits="18" branch="false"/>
            <line number="35" hits="18" branch="false"/>
            <line number="36" hits="18" branch="false"/>
          </lines>
        </class>
        <class name="Validity.ts" filename="src/view_models/Validity.ts" line-rate="1" branch-rate="1">
          <methods>
            <method name="(anonymous_0)" hits="28" signature="()V">
              <lines>
                <line number="1" hits="28"/>
              </lines>
            </method>
          </methods>
          <lines>
            <line number="1" hits="28" branch="true" condition-coverage="100% (2/2)"/>
            <line number="2" hits="28" branch="false"/>
            <line number="3" hits="28" branch="false"/>
            <line number="4" hits="28" branch="false"/>
            <line number="5" hits="28" branch="false"/>
          </lines>
        </class>
      </classes>
    </package>
    <package name="tests.data" line-rate="1" branch-rate="1">
      <classes>
        <class name="countries.ts" filename="tests/data/countries.ts" line-rate="1" branch-rate="1">
          <methods>
          </methods>
          <lines>
            <line number="1" hits="4" branch="false"/>
          </lines>
        </class>
        <class name="validation.ts" filename="tests/data/validation.ts" line-rate="1" branch-rate="1">
          <methods>
          </methods>
          <lines>
            <line number="3" hits="3" branch="false"/>
            <line number="16" hits="3" branch="false"/>
            <line number="26" hits="3" branch="false"/>
          </lines>
        </class>
      </classes>
    </package>
    <package name="tests.unit.TestDoubles" line-rate="0.8076000000000001" branch-rate="0.30760000000000004">
      <classes>
        <class name="FakeAutocompleteResource.ts" filename="tests/unit/TestDoubles/FakeAutocompleteResource.ts" line-rate="1" branch-rate="1">
          <methods>
            <method name="getCitiesInPostcode" hits="4" signature="()V">
              <lines>
                <line number="4" hits="4"/>
              </lines>
            </method>
          </methods>
          <lines>
            <line number="5" hits="4" branch="false"/>
          </lines>
        </class>
        <class name="FakeDataEncryptor.ts" filename="tests/unit/TestDoubles/FakeDataEncryptor.ts" line-rate="1" branch-rate="1">
          <methods>
            <method name="decrypt" hits="1" signature="()V">
              <lines>
                <line number="5" hits="1"/>
              </lines>
            </method>
            <method name="encrypt" hits="2" signature="()V">
              <lines>
                <line number="9" hits="2"/>
              </lines>
            </method>
            <method name="decrypt" hits="1" signature="()V">
              <lines>
                <line number="16" hits="1"/>
              </lines>
            </method>
            <method name="encrypt" hits="1" signature="()V">
              <lines>
                <line number="20" hits="1"/>
              </lines>
            </method>
          </methods>
          <lines>
            <line number="2" hits="2" branch="false"/>
            <line number="6" hits="1" branch="false"/>
            <line number="10" hits="2" branch="false"/>
            <line number="17" hits="1" branch="false"/>
            <line number="21" hits="1" branch="false"/>
          </lines>
        </class>
        <class name="FakeDataPersistenceRepository.ts" filename="tests/unit/TestDoubles/FakeDataPersistenceRepository.ts" line-rate="0.8571" branch-rate="1">
          <methods>
            <method name="FakeDataPersistenceRepository" hits="17" signature="()V">
              <lines>
                <line number="6" hits="17"/>
              </lines>
            </method>
            <method name="getItems" hits="0" signature="()V">
              <lines>
                <line number="10" hits="0"/>
              </lines>
            </method>
            <method name="getItem" hits="4" signature="()V">
              <lines>
                <line number="14" hits="4"/>
              </lines>
            </method>
            <method name="removeItem" hits="1" signature="()V">
              <lines>
                <line number="19" hits="1"/>
              </lines>
            </method>
            <method name="setItem" hits="3" signature="()V">
              <lines>
                <line number="23" hits="3"/>
              </lines>
            </method>
          </methods>
          <lines>
            <line number="6" hits="34" branch="false"/>
            <line number="7" hits="17" branch="false"/>
            <line number="11" hits="0" branch="false"/>
            <line number="15" hits="4" branch="false"/>
            <line number="16" hits="4" branch="true" condition-coverage="100% (2/2)"/>
            <line number="20" hits="1" branch="false"/>
            <line number="24" hits="3" branch="false"/>
          </lines>
        </class>
        <class name="FakeDataPersister.ts" filename="tests/unit/TestDoubles/FakeDataPersister.ts" line-rate="0.6923" branch-rate="0.1818">
          <methods>
            <method name="FakeDataPersister" hits="14" signature="()V">
              <lines>
                <line number="14" hits="14"/>
              </lines>
            </method>
            <method name="_callee" hits="0" signature="()V">
              <lines>
                <line number="22" hits="0"/>
              </lines>
            </method>
            <method name="getValue" hits="135" signature="()V">
              <lines>
                <line number="26" hits="135"/>
              </lines>
            </method>
            <method name="(anonymous_7)" hits="209" signature="()V">
              <lines>
                <line number="27" hits="209"/>
              </lines>
            </method>
            <method name="getPlugin" hits="0" signature="()V">
              <lines>
                <line number="31" hits="0"/>
              </lines>
            </method>
            <method name="(anonymous_9)" hits="0" signature="()V">
              <lines>
                <line number="32" hits="0"/>
              </lines>
            </method>
            <method name="_callee2" hits="0" signature="()V">
              <lines>
                <line number="35" hits="0"/>
              </lines>
            </method>
            <method name="_callee3" hits="0" signature="()V">
              <lines>
                <line number="39" hits="0"/>
              </lines>
            </method>
          </methods>
          <lines>
            <line number="5" hits="1" branch="false"/>
            <line number="6" hits="1" branch="false"/>
            <line number="14" hits="70" branch="false"/>
            <line number="15" hits="14" branch="false"/>
            <line number="17" hits="14" branch="false"/>
            <line number="18" hits="14" branch="false"/>
            <line number="19" hits="14" branch="false"/>
            <line number="22" hits="0" branch="true" condition-coverage="0% (0/3)"/>
            <line number="27" hits="209" branch="false"/>
            <line number="28" hits="135" branch="true" condition-coverage="100% (2/2)"/>
            <line number="32" hits="0" branch="false"/>
            <line number="35" hits="0" branch="true" condition-coverage="0% (0/3)"/>
            <line number="39" hits="0" branch="true" condition-coverage="0% (0/3)"/>
          </lines>
        </class>
      </classes>
    </package>
  </packages>
</coverage>
